ca65 V2.15
Main file   : bank4/asm/cookie.s
Current file: bank4/asm/cookie.s

000000r 1               .include "banksetup.inc"
000000r 2               .define CODE_SEGMENT   "CODE4"
000000r 2               .define RODATA_SEGMENT "RODATA4"
000000r 2               
000000r 1               
000000r 1               .export _cookie
000000r 1               
000000r 1               .segment RODATA_SEGMENT
000000r 1               _cookie:
000000r 1  00 00 00 00          .byte $00,$00,$00,$00,$80,$c0,$c0,$40,$80,$00
000004r 1  80 C0 C0 40  
000008r 1  80 00        
00000Ar 1  00 00 00 80          .byte $00,$00,$00,$80,$40,$c0,$40,$c0,$80,$00
00000Er 1  40 C0 40 C0  
000012r 1  80 00        
000014r 1  00 00 00 00          .byte $00,$00,$00,$00,$00,$00,$00,$00,$00,$00
000018r 1  00 00 00 00  
00001Cr 1  00 00        
00001Er 1  00 C0 C0 E0          .byte $00,$c0,$c0,$e0,$60,$e0,$e0,$c0,$00,$00
000022r 1  60 E0 E0 C0  
000026r 1  00 00        
000028r 1  00 00 00 F8          .byte $00,$00,$00,$f8,$ac,$f8,$6c,$bc,$e8,$b8
00002Cr 1  AC F8 6C BC  
000030r 1  E8 B8        
000032r 1  78 00 00 F0          .byte $78,$00,$00,$f0,$b0,$d0,$b0,$f0,$e0,$00
000036r 1  B0 D0 B0 F0  
00003Ar 1  E0 00        
00003Cr 1  00 00 00 03          .byte $00,$00,$00,$03,$0f,$18,$18,$18,$0d,$07
000040r 1  0F 18 18 18  
000044r 1  0D 07        
000046r 1  62 E0 C0 00          .byte $62,$e0,$c0,$00,$00,$00,$c0,$e0,$e0,$00
00004Ar 1  00 00 C0 E0  
00004Er 1  E0 00        
000050r 1  00 00 3C F6          .byte $00,$00,$3c,$f6,$ab,$df,$f5,$af,$75,$7f
000054r 1  AB DF F5 AF  
000058r 1  75 7F        
00005Ar 1  1E 0E 00 00          .byte $1e,$0e,$00,$00,$00,$00,$00,$78,$dc,$8c
00005Er 1  00 00 00 78  
000062r 1  DC 8C        
000064r 1  8C 8C CC 79          .byte $8c,$8c,$cc,$79,$31,$03,$03,$03,$03,$00
000068r 1  31 03 03 03  
00006Cr 1  03 00        
00006Er 1  00 F8 D8 7C          .byte $00,$f8,$d8,$7c,$4c,$fc,$94,$fc,$00,$00
000072r 1  4C FC 94 FC  
000076r 1  00 00        
000078r 1  00 00 00 00          .byte $00,$00,$00,$00,$00,$00,$00,$00,$00,$40
00007Cr 1  00 00 00 00  
000080r 1  00 40        
000082r 1  60 60 60 E0          .byte $60,$60,$60,$e0,$e0,$60,$40,$00,$00,$00
000086r 1  E0 60 40 00  
00008Ar 1  00 00        
00008Cr 1  10 10 00 00          .byte $10,$10,$00,$00,$00,$00,$00,$00,$00,$00
000090r 1  00 00 00 00  
000094r 1  00 00        
000096r 1  00 00 10 10          .byte $00,$00,$10,$10,$10,$10,$10,$00,$00,$00
00009Ar 1  10 10 10 00  
00009Er 1  00 00        
0000A0r 1  00 00 01 01          .byte $00,$00,$01,$01,$19,$19,$19,$19,$1c,$0c
0000A4r 1  19 19 19 19  
0000A8r 1  1C 0C        
0000AAr 1  0C 20 E2 86          .byte $0c,$20,$e2,$86,$86,$c0,$61,$03,$02,$03
0000AEr 1  86 C0 61 03  
0000B2r 1  02 03        
0000B4r 1  02 01 00 00          .byte $02,$01,$00,$00,$00,$3f,$33,$76,$7f,$b7
0000B8r 1  00 3F 33 76  
0000BCr 1  7F B7        
0000BEr 1  EF FD BF EA          .byte $ef,$fd,$bf,$ea,$5f,$77,$7f,$1e,$00,$00
0000C2r 1  5F 77 7F 1E  
0000C6r 1  00 00        
0000C8r 1  00 0E 0F 07          .byte $00,$0e,$0f,$07,$01,$0d,$07,$11,$3f,$1f
0000CCr 1  01 0D 07 11  
0000D0r 1  3F 1F        
0000D2r 1  06 00 00 00          .byte $06,$00,$00,$00,$00,$07,$1b,$1d,$15,$1f
0000D6r 1  00 07 1B 1D  
0000DAr 1  15 1F        
0000DCr 1  1B 1D 0F 00          .byte $1b,$1d,$0f,$00,$00,$03,$07,$0d,$0f,$0f
0000E0r 1  00 03 07 0D  
0000E4r 1  0F 0F        
0000E6r 1  0A 0F 07 07          .byte $0a,$0f,$07,$07,$03,$03,$03,$00,$00,$00
0000EAr 1  03 03 03 00  
0000EEr 1  00 00        
0000EFr 1               
