ca65 V2.15
Main file   : bank4/asm/flewww.s
Current file: bank4/asm/flewww.s

000000r 1               .include "banksetup.inc"
000000r 2               .define CODE_SEGMENT   "CODE4"
000000r 2               .define RODATA_SEGMENT "RODATA4"
000000r 2               
000000r 1               
000000r 1               .export _flewww
000000r 1               
000000r 1               .segment RODATA_SEGMENT
000000r 1               _flewww:
000000r 1  00 00 00 00          .byte $00,$00,$00,$00,$00,$00,$00,$00,$00,$00
000004r 1  00 00 00 00  
000008r 1  00 00        
00000Ar 1  00 00 F0 00          .byte $00,$00,$f0,$00,$00,$f0,$00,$00,$60,$60
00000Er 1  00 F0 00 00  
000012r 1  60 60        
000014r 1  60 60 E0 E0          .byte $60,$60,$e0,$e0,$60,$60,$60,$e0,$c0,$00
000018r 1  60 60 60 E0  
00001Cr 1  C0 00        
00001Er 1  00 F0 00 00          .byte $00,$f0,$00,$00,$f0,$00,$00,$00,$00,$00
000022r 1  F0 00 00 00  
000026r 1  00 00        
000028r 1               
000028r 1  00 00 00 00          .byte $00,$00,$00,$00,$00,$00,$07,$08,$10,$23
00002Cr 1  00 00 07 08  
000030r 1  10 23        
000032r 1  44 88 11 23          .byte $44,$88,$11,$23,$43,$80,$1f,$3f,$30,$33
000036r 1  43 80 1F 3F  
00003Ar 1  30 33        
00003Cr 1  33 31 B0 B0          .byte $33,$31,$b0,$b0,$30,$31,$02,$f2,$f2,$02
000040r 1  30 31 02 F2  
000044r 1  F2 02        
000046r 1  02 FC 00 01          .byte $02,$fc,$00,$01,$fc,$02,$01,$00,$00,$00
00004Ar 1  FC 02 01 00  
00004Er 1  00 00        
000050r 1               
000050r 1  00 00 00 00          .byte $00,$00,$00,$00,$00,$00,$1f,$20,$40,$9f
000054r 1  00 00 1F 20  
000058r 1  40 9F        
00005Ar 1  20 40 8F 00          .byte $20,$40,$8f,$00,$00,$00,$03,$03,$c0,$e0
00005Er 1  00 00 03 03  
000062r 1  C0 E0        
000064r 1  60 6F 60 60          .byte $60,$6f,$60,$60,$60,$63,$64,$65,$65,$05
000068r 1  60 63 64 65  
00006Cr 1  65 05        
00006Er 1  05 F8 01 02          .byte $05,$f8,$01,$02,$f8,$04,$03,$00,$00,$00
000072r 1  F8 04 03 00  
000076r 1  00 00        
000078r 1               
000078r 1  00 00 00 00          .byte $00,$00,$00,$00,$00,$00,$00,$00,$00,$00
00007Cr 1  00 00 00 00  
000080r 1  00 00        
000082r 1  10 A0 40 10          .byte $10,$a0,$40,$10,$a0,$40,$00,$00,$80,$d0
000086r 1  A0 40 00 00  
00008Ar 1  80 D0        
00008Cr 1  70 20 00 00          .byte $70,$20,$00,$00,$00,$00,$00,$00,$00,$00
000090r 1  00 00 00 00  
000094r 1  00 00        
000096r 1  00 F0 00 00          .byte $00,$f0,$00,$00,$f0,$00,$00,$00,$00,$00
00009Ar 1  F0 00 00 00  
00009Er 1  00 00        
0000A0r 1               
0000A0r 1  00 00 00 00          .byte $00,$00,$00,$00,$00,$00,$01,$06,$18,$61
0000A4r 1  00 00 01 06  
0000A8r 1  18 61        
0000AAr 1  86 18 60 80          .byte $86,$18,$60,$80,$00,$14,$2a,$2a,$22,$a2
0000AEr 1  00 14 2A 2A  
0000B2r 1  22 A2        
0000B4r 1  A2 A2 A2 A2          .byte $a2,$a2,$a2,$a2,$a2,$a2,$80,$80,$80,$03
0000B8r 1  A2 A2 80 80  
0000BCr 1  80 03        
0000BEr 1  0C F0 03 0C          .byte $0c,$f0,$03,$0c,$f0,$00,$00,$00,$00,$00
0000C2r 1  F0 00 00 00  
0000C6r 1  00 00        
0000C8r 1               
0000C8r 1  00 00 00 00          .byte $00,$00,$00,$00,$00,$00,$7f,$80,$00,$7f
0000CCr 1  00 00 7F 80  
0000D0r 1  00 7F        
0000D2r 1  80 00 62 77          .byte $80,$00,$62,$77,$5f,$4b,$43,$43,$43,$43
0000D6r 1  5F 4B 43 43  
0000DAr 1  43 43        
0000DCr 1  43 43 43 00          .byte $43,$43,$43,$00,$00,$00,$30,$cc,$03,$30
0000E0r 1  00 00 30 CC  
0000E4r 1  03 30        
0000E6r 1  CC 03 00 00          .byte $cc,$03,$00,$00,$00,$00,$00,$00,$00,$00
0000EAr 1  00 00 00 00  
0000EEr 1  00 00        
0000EFr 1               
