ca65 V2.15
Main file   : bank4/asm/glafouk.s
Current file: bank4/asm/glafouk.s

000000r 1               .include "banksetup.inc"
000000r 2               .define CODE_SEGMENT   "CODE4"
000000r 2               .define RODATA_SEGMENT "RODATA4"
000000r 2               
000000r 1               
000000r 1               .export _glafouk
000000r 1               
000000r 1               .segment RODATA_SEGMENT
000000r 1               _glafouk:
000000r 1  40 40 40 40          .byte $40,$40,$40,$40,$40,$40,$40,$40,$40,$40
000004r 1  40 40 40 40  
000008r 1  40 40        
00000Ar 1  40 40 40 40          .byte $40,$40,$40,$40,$40,$40,$40,$40,$40,$40
00000Er 1  40 40 40 40  
000012r 1  40 40        
000014r 1  40 40 40 40          .byte $40,$40,$40,$40,$40,$40,$40,$40,$40,$40
000018r 1  40 40 40 40  
00001Cr 1  40 40        
00001Er 1  40 40 40 40          .byte $40,$40,$40,$40,$40,$40,$40,$40,$40,$40
000022r 1  40 40 40 40  
000026r 1  40 40        
000028r 1               
000028r 1  FF FF FF FF          .byte $ff,$ff,$ff,$ff,$ff,$ff,$ff,$00,$ff,$ff
00002Cr 1  FF FF FF 00  
000030r 1  FF FF        
000032r 1  FF FF 00 FF          .byte $ff,$ff,$00,$ff,$ff,$00,$ff,$00,$00,$73
000036r 1  FF 00 FF 00  
00003Ar 1  00 73        
00003Cr 1  F7 B6 B6 B6          .byte $f7,$b6,$b6,$b6,$b6,$b6,$b6,$86,$76,$00
000040r 1  B6 B6 B6 86  
000044r 1  76 00        
000046r 1  00 FF 00 FF          .byte $00,$ff,$00,$ff,$ff,$00,$ff,$ff,$ff,$ff
00004Ar 1  FF 00 FF FF  
00004Er 1  FF FF        
000050r 1               
000050r 1  FF FF FF FF          .byte $ff,$ff,$ff,$ff,$ff,$ff,$ff,$00,$ff,$ff
000054r 1  FF FF FF 00  
000058r 1  FF FF        
00005Ar 1  FF FF 00 FF          .byte $ff,$ff,$00,$ff,$ff,$00,$ff,$00,$00,$d6
00005Er 1  FF 00 FF 00  
000062r 1  00 D6        
000064r 1  D6 D6 D6 D6          .byte $d6,$d6,$d6,$d6,$d6,$d6,$de,$d6,$8c,$00
000068r 1  D6 D6 DE D6  
00006Cr 1  8C 00        
00006Er 1  00 FF 00 FF          .byte $00,$ff,$00,$ff,$ff,$00,$ff,$ff,$ff,$ff
000072r 1  FF 00 FF FF  
000076r 1  FF FF        
000078r 1               
000078r 1  F0 F0 F0 F0          .byte $f0,$f0,$f0,$f0,$f0,$f0,$f0,$00,$f0,$f0
00007Cr 1  F0 F0 F0 00  
000080r 1  F0 F0        
000082r 1  F0 F0 00 F0          .byte $f0,$f0,$00,$f0,$f0,$00,$f0,$00,$00,$80
000086r 1  F0 00 F0 00  
00008Ar 1  00 80        
00008Cr 1  C0 C0 C0 C0          .byte $c0,$c0,$c0,$c0,$c0,$c0,$d0,$c0,$90,$00
000090r 1  C0 C0 D0 C0  
000094r 1  90 00        
000096r 1  00 F0 00 F0          .byte $00,$f0,$00,$f0,$f0,$00,$f0,$f0,$f0,$f0
00009Ar 1  F0 00 F0 F0  
00009Er 1  F0 F0        
0000A0r 1               
0000A0r 1  FF FF FF FF          .byte $ff,$ff,$ff,$ff,$ff,$ff,$ff,$00,$ff,$ff
0000A4r 1  FF FF FF 00  
0000A8r 1  FF FF        
0000AAr 1  FF FF 00 FF          .byte $ff,$ff,$00,$ff,$ff,$00,$ff,$00,$00,$8c
0000AEr 1  FF 00 FF 00  
0000B2r 1  00 8C        
0000B4r 1  DE DE DE DE          .byte $de,$de,$de,$de,$de,$de,$5a,$5a,$9a,$00
0000B8r 1  DE DE 5A 5A  
0000BCr 1  9A 00        
0000BEr 1  00 FF 00 FF          .byte $00,$ff,$00,$ff,$ff,$00,$ff,$ff,$ff,$ff
0000C2r 1  FF 00 FF FF  
0000C6r 1  FF FF        
0000C8r 1               
0000C8r 1  2F 2F 2F 2F          .byte $2f,$2f,$2f,$2f,$2f,$2f,$2f,$20,$2f,$2f
0000CCr 1  2F 2F 2F 20  
0000D0r 1  2F 2F        
0000D2r 1  2F 2F 20 2F          .byte $2f,$2f,$20,$2f,$2f,$20,$2f,$20,$20,$2b
0000D6r 1  2F 20 2F 20  
0000DAr 1  20 2B        
0000DCr 1  2B 2B 2B 2B          .byte $2b,$2b,$2b,$2b,$2b,$2b,$2b,$27,$2b,$20
0000E0r 1  2B 2B 2B 27  
0000E4r 1  2B 20        
0000E6r 1  20 2F 20 2F          .byte $20,$2f,$20,$2f,$2f,$20,$2f,$2f,$2f,$2f
0000EAr 1  2F 20 2F 2F  
0000EEr 1  2F 2F        
0000EFr 1               
