ca65 V2.15
Main file   : bank4/asm/heart.s
Current file: bank4/asm/heart.s

000000r 1               .include "banksetup.inc"
000000r 2               .define CODE_SEGMENT   "CODE4"
000000r 2               .define RODATA_SEGMENT "RODATA4"
000000r 2               
000000r 1               
000000r 1               .export _heart
000000r 1               
000000r 1               .segment RODATA_SEGMENT
000000r 1               
000000r 1               _heart:
000000r 1  00 00 00 00          .byte $00,$00,$00,$00,$00,$00,$00,$00,$00,$00
000004r 1  00 00 00 00  
000008r 1  00 00        
00000Ar 1  00 00 00 00          .byte $00,$00,$00,$00,$00,$00,$00,$00,$00,$00
00000Er 1  00 00 00 00  
000012r 1  00 00        
000014r 1  00 80 80 C0          .byte $00,$80,$80,$c0,$c0,$c0,$c0,$c0,$c0,$80
000018r 1  C0 C0 C0 C0  
00001Cr 1  C0 80        
00001Er 1  80 80 00 00          .byte $80,$80,$00,$00,$00,$00,$00,$00,$00,$00
000022r 1  00 00 00 00  
000026r 1  00 00        
000028r 1               
000028r 1  00 00 00 00          .byte $00,$00,$00,$00,$00,$00,$00,$00,$00,$00
00002Cr 1  00 00 00 00  
000030r 1  00 00        
000032r 1  00 00 01 03          .byte $00,$00,$01,$03,$07,$0f,$1f,$3f,$7f,$ff
000036r 1  07 0F 1F 3F  
00003Ar 1  7F FF        
00003Cr 1  FF FF FF FF          .byte $ff,$ff,$ff,$ff,$ff,$ff,$ff,$ff,$ff,$ff
000040r 1  FF FF FF FF  
000044r 1  FF FF        
000046r 1  FF FF FF 7F          .byte $ff,$ff,$ff,$7f,$3f,$1f,$00,$00,$00,$00
00004Ar 1  3F 1F 00 00  
00004Er 1  00 00        
000050r 1               
000050r 1  00 00 00 00          .byte $00,$00,$00,$00,$80,$c0,$e0,$f0,$f8,$fc
000054r 1  80 C0 E0 F0  
000058r 1  F8 FC        
00005Ar 1  FE FF FF FF          .byte $fe,$ff,$ff,$ff,$ff,$ff,$ff,$ff,$ff,$ff
00005Er 1  FF FF FF FF  
000062r 1  FF FF        
000064r 1  FF FF FF FF          .byte $ff,$ff,$ff,$ff,$ff,$ff,$ff,$ff,$ff,$ff
000068r 1  FF FF FF FF  
00006Cr 1  FF FF        
00006Er 1  FF FF 7F 3F          .byte $ff,$ff,$7f,$3f,$1f,$07,$00,$00,$00,$00
000072r 1  1F 07 00 00  
000076r 1  00 00        
000078r 1               
000078r 1  00 00 00 00          .byte $00,$00,$00,$00,$10,$30,$70,$f0,$f0,$f0
00007Cr 1  10 30 70 F0  
000080r 1  F0 F0        
000082r 1  F0 F0 F0 F0          .byte $f0,$f0,$f0,$f0,$f0,$f0,$f0,$f0,$f0,$f0
000086r 1  F0 F0 F0 F0  
00008Ar 1  F0 F0        
00008Cr 1  F0 F0 F0 F0          .byte $f0,$f0,$f0,$f0,$f0,$f0,$f0,$f0,$f0,$f0
000090r 1  F0 F0 F0 F0  
000094r 1  F0 F0        
000096r 1  F0 F0 E0 C0          .byte $f0,$f0,$e0,$c0,$80,$00,$00,$00,$00,$00
00009Ar 1  80 00 00 00  
00009Er 1  00 00        
0000A0r 1               
0000A0r 1  00 00 00 00          .byte $00,$00,$00,$00,$00,$00,$00,$00,$80,$c0
0000A4r 1  00 00 00 00  
0000A8r 1  80 C0        
0000AAr 1  E0 F0 F8 FC          .byte $e0,$f0,$f8,$fc,$fe,$ff,$ff,$ff,$ff,$ff
0000AEr 1  FE FF FF FF  
0000B2r 1  FF FF        
0000B4r 1  FF FF FF FF          .byte $ff,$ff,$ff,$ff,$ff,$ff,$ff,$ff,$ff,$ff
0000B8r 1  FF FF FF FF  
0000BCr 1  FF FF        
0000BEr 1  FF FF FF FF          .byte $ff,$ff,$ff,$ff,$ff,$7f,$00,$00,$00,$00
0000C2r 1  FF 7F 00 00  
0000C6r 1  00 00        
0000C8r 1               
0000C8r 1  00 00 00 00          .byte $00,$00,$00,$00,$00,$00,$00,$00,$00,$00
0000CCr 1  00 00 00 00  
0000D0r 1  00 00        
0000D2r 1  00 00 00 00          .byte $00,$00,$00,$00,$00,$00,$01,$03,$07,$0f
0000D6r 1  00 00 01 03  
0000DAr 1  07 0F        
0000DCr 1  0F 1F 1F 3F          .byte $0f,$1f,$1f,$3f,$3f,$3f,$3f,$3f,$3f,$1f
0000E0r 1  3F 3F 3F 3F  
0000E4r 1  3F 1F        
0000E6r 1  1F 1F 0F 07          .byte $1f,$1f,$0f,$07,$03,$01,$00,$00,$00,$00
0000EAr 1  03 01 00 00  
0000EEr 1  00 00        
0000EFr 1               
