ca65 V2.15
Main file   : bank4/asm/nana.s
Current file: bank4/asm/nana.s

000000r 1               .include "banksetup.inc"
000000r 2               .define CODE_SEGMENT   "CODE4"
000000r 2               .define RODATA_SEGMENT "RODATA4"
000000r 2               
000000r 1               
000000r 1               .export _nana
000000r 1               
000000r 1               .segment RODATA_SEGMENT
000000r 1               _nana:
000000r 1  00 00 00 00          .byte $00,$00,$00,$00,$00,$00,$00,$80,$40,$40
000004r 1  00 00 00 80  
000008r 1  40 40        
00000Ar 1  40 20 20 20          .byte $40,$20,$20,$20,$20,$20,$20,$40,$c0,$80
00000Er 1  20 20 20 40  
000012r 1  C0 80        
000014r 1  00 00 80 C0          .byte $00,$00,$80,$c0,$c0,$c0,$e0,$f0,$f0,$f0
000018r 1  C0 C0 E0 F0  
00001Cr 1  F0 F0        
00001Er 1  F0 F0 30 30          .byte $f0,$f0,$30,$30,$f0,$f0,$f0,$f0,$00,$00
000022r 1  F0 F0 F0 F0  
000026r 1  00 00        
000028r 1               
000028r 1  00 00 00 00          .byte $00,$00,$00,$00,$03,$3f,$c0,$00,$00,$00
00002Cr 1  03 3F C0 00  
000030r 1  00 00        
000032r 1  00 00 00 00          .byte $00,$00,$00,$00,$00,$01,$03,$0f,$7f,$3f
000036r 1  00 01 03 0F  
00003Ar 1  7F 3F        
00003Cr 1  8E E6 F1 FD          .byte $8e,$e6,$f1,$fd,$fd,$fd,$f9,$f1,$e1,$c0
000040r 1  FD FD F9 F1  
000044r 1  E1 C0        
000046r 1  8F 1F 3F 7F          .byte $8f,$1f,$3f,$7f,$fe,$f0,$c0,$80,$00,$00
00004Ar 1  FE F0 C0 80  
00004Er 1  00 00        
000050r 1               
000050r 1  FE FC FE FF          .byte $fe,$fc,$fe,$ff,$ff,$ff,$ff,$f8,$60,$00
000054r 1  FF FF FF F8  
000058r 1  60 00        
00005Ar 1  00 00 F0 FC          .byte $00,$00,$f0,$fc,$fe,$ff,$07,$03,$01,$00
00005Er 1  FE FF 07 03  
000062r 1  01 00        
000064r 1  00 00 00 80          .byte $00,$00,$00,$80,$c0,$40,$20,$00,$00,$01
000068r 1  C0 40 20 00  
00006Cr 1  00 01        
00006Er 1  83 83 05 04          .byte $83,$83,$05,$04,$08,$10,$20,$c0,$00,$00
000072r 1  08 10 20 C0  
000076r 1  00 00        
000078r 1               
000078r 1  F0 F0 F0 F0          .byte $f0,$f0,$f0,$f0,$f0,$30,$00,$00,$00,$00
00007Cr 1  F0 30 00 00  
000080r 1  00 00        
000082r 1  00 00 00 10          .byte $00,$00,$00,$10,$70,$f0,$f0,$e0,$e0,$e0
000086r 1  70 F0 F0 E0  
00008Ar 1  E0 E0        
00008Cr 1  E0 F0 F0 00          .byte $e0,$f0,$f0,$00,$00,$c0,$e0,$e0,$e0,$f0
000090r 1  00 C0 E0 E0  
000094r 1  E0 F0        
000096r 1  F0 C0 80 00          .byte $f0,$c0,$80,$00,$00,$00,$00,$10,$e0,$00
00009Ar 1  00 00 00 10  
00009Er 1  E0 00        
0000A0r 1               
0000A0r 1  FF FE FC F8          .byte $ff,$fe,$fc,$f8,$08,$04,$02,$01,$01,$00
0000A4r 1  08 04 02 01  
0000A8r 1  01 00        
0000AAr 1  00 00 00 00          .byte $00,$00,$00,$00,$01,$81,$e2,$f6,$e7,$ef
0000AEr 1  01 81 E2 F6  
0000B2r 1  E7 EF        
0000B4r 1  EF CF 9F 0F          .byte $ef,$cf,$9f,$0f,$e7,$81,$b8,$e6,$fe,$e8
0000B8r 1  E7 81 B8 E6  
0000BCr 1  FE E8        
0000BEr 1  8E 3F FF FE          .byte $8e,$3f,$ff,$fe,$3e,$04,$08,$30,$c0,$00
0000C2r 1  3E 04 08 30  
0000C6r 1  C0 00        
0000C8r 1               
0000C8r 1  00 00 00 00          .byte $00,$00,$00,$00,$00,$00,$00,$00,$00,$01
0000CCr 1  00 00 00 00  
0000D0r 1  00 01        
0000D2r 1  01 01 01 01          .byte $01,$01,$01,$01,$00,$00,$00,$00,$00,$01
0000D6r 1  00 00 00 00  
0000DAr 1  00 01        
0000DCr 1  03 07 07 0F          .byte $03,$07,$07,$0f,$1f,$3f,$7f,$fe,$f8,$f0
0000E0r 1  1F 3F 7F FE  
0000E4r 1  F8 F0        
0000E6r 1  E6 CE 9E FC          .byte $e6,$ce,$9e,$fc,$f0,$c0,$00,$00,$00,$00
0000EAr 1  F0 C0 00 00  
0000EEr 1  00 00        
0000EFr 1               
