ca65 V2.15
Main file   : bank4/asm/pokecookie.s
Current file: bank4/asm/pokecookie.s

000000r 1               .include "banksetup.inc"
000000r 2               .define CODE_SEGMENT   "CODE4"
000000r 2               .define RODATA_SEGMENT "RODATA4"
000000r 2               
000000r 1               
000000r 1               .export _pokecookie
000000r 1               
000000r 1               .segment RODATA_SEGMENT
000000r 1               _pokecookie:
000000r 1  00 00 00 00          .byte $00,$00,$00,$00,$00,$00,$00,$00,$00,$00
000004r 1  00 00 00 00  
000008r 1  00 00        
00000Ar 1  00 00 00 00          .byte $00,$00,$00,$00,$00,$00,$00,$00,$00,$00
00000Er 1  00 00 00 00  
000012r 1  00 00        
000014r 1  00 00 00 00          .byte $00,$00,$00,$00,$00,$00,$00,$00,$00,$00
000018r 1  00 00 00 00  
00001Cr 1  00 00        
00001Er 1  00 00 00 00          .byte $00,$00,$00,$00,$00,$00,$00,$00,$00,$00
000022r 1  00 00 00 00  
000026r 1  00 00        
000028r 1               
000028r 1  FF 80 BC B5          .byte $ff,$80,$bc,$b5,$bd,$b5,$bd,$b5,$bd,$b4
00002Cr 1  BD B5 BD B5  
000030r 1  BD B4        
000032r 1  BC AD BD AD          .byte $bc,$ad,$bd,$ad,$bd,$ad,$bd,$ad,$bd,$80
000036r 1  BD AD BD AD  
00003Ar 1  BD 80        
00003Cr 1  98 BD B1 B1          .byte $98,$bd,$b1,$b1,$b1,$b1,$bd,$98,$80,$bd
000040r 1  B1 B1 BD 98  
000044r 1  80 BD        
000046r 1  AD B5 AD B5          .byte $ad,$b5,$ad,$b5,$ad,$b5,$bd,$80,$ff,$ff
00004Ar 1  AD B5 BD 80  
00004Er 1  FF FF        
000050r 1               
000050r 1  FF 00 F3 57          .byte $ff,$00,$f3,$57,$51,$57,$57,$51,$57,$f3
000054r 1  51 57 57 51  
000058r 1  57 F3        
00005Ar 1  50 55 55 F5          .byte $50,$55,$55,$f5,$53,$d3,$f5,$55,$f5,$00
00005Er 1  53 D3 F5 55  
000062r 1  F5 00        
000064r 1  63 B5 B5 B5          .byte $63,$b5,$b5,$b5,$b5,$b5,$b5,$63,$00,$f1
000068r 1  B5 B5 B5 63  
00006Cr 1  00 F1        
00006Er 1  11 11 13 95          .byte $11,$11,$13,$95,$55,$35,$f3,$00,$ff,$ff
000072r 1  55 35 F3 00  
000076r 1  FF FF        
000078r 1               
000078r 1  F0 00 F0 20          .byte $f0,$00,$f0,$20,$20,$20,$20,$20,$20,$f0
00007Cr 1  20 20 20 20  
000080r 1  20 F0        
000082r 1  20 A0 60 F0          .byte $20,$a0,$60,$f0,$30,$20,$f0,$20,$f0,$00
000086r 1  30 20 F0 20  
00008Ar 1  F0 00        
00008Cr 1  60 60 60 E0          .byte $60,$60,$60,$e0,$e0,$60,$60,$60,$00,$f0
000090r 1  E0 60 60 60  
000094r 1  00 F0        
000096r 1  40 A0 10 40          .byte $40,$a0,$10,$40,$40,$40,$f0,$00,$f0,$f0
00009Ar 1  40 40 F0 00  
00009Er 1  F0 F0        
0000A0r 1               
0000A0r 1  FF 00 FF 41          .byte $ff,$00,$ff,$41,$42,$44,$48,$50,$60,$ff
0000A4r 1  42 44 48 50  
0000A8r 1  60 FF        
0000AAr 1  C0 40 40 FF          .byte $c0,$40,$40,$ff,$40,$40,$ff,$40,$ff,$00
0000AEr 1  40 40 FF 40  
0000B2r 1  FF 00        
0000B4r 1  B3 B7 B6 37          .byte $b3,$b7,$b6,$37,$37,$b6,$87,$b3,$00,$ff
0000B8r 1  37 B6 87 B3  
0000BCr 1  00 FF        
0000BEr 1  10 11 92 44          .byte $10,$11,$92,$44,$28,$10,$ff,$00,$ff,$ff
0000C2r 1  28 10 FF 00  
0000C6r 1  FF FF        
0000C8r 1               
0000C8r 1  0F 0C 0D 0D          .byte $0f,$0c,$0d,$0d,$0d,$0d,$0d,$0d,$0d,$0d
0000CCr 1  0D 0D 0D 0D  
0000D0r 1  0D 0D        
0000D2r 1  0D 0D 0D 0D          .byte $0d,$0d,$0d,$0d,$0d,$0d,$0d,$0d,$0d,$0c
0000D6r 1  0D 0D 0D 0D  
0000DAr 1  0D 0C        
0000DCr 1  0C 0D 0C 0D          .byte $0c,$0d,$0c,$0d,$0d,$0c,$0d,$0c,$0c,$0d
0000E0r 1  0D 0C 0D 0C  
0000E4r 1  0C 0D        
0000E6r 1  0D 0D 0D 0D          .byte $0d,$0d,$0d,$0d,$0d,$0d,$0d,$0c,$0f,$0f
0000EAr 1  0D 0D 0D 0C  
0000EEr 1  0F 0F        
0000EFr 1               
