ca65 V2.15
Main file   : bank4/asm/yummy.s
Current file: bank4/asm/yummy.s

000000r 1               .include "banksetup.inc"
000000r 2               .define CODE_SEGMENT   "CODE4"
000000r 2               .define RODATA_SEGMENT "RODATA4"
000000r 2               
000000r 1               
000000r 1               .export _yummy
000000r 1               
000000r 1               .segment RODATA_SEGMENT
000000r 1               _yummy:
000000r 1  20 20 20 20          .byte $20,$20,$20,$20,$20,$20,$20,$20,$20,$20
000004r 1  20 20 20 20  
000008r 1  20 20        
00000Ar 1  E0 20 20 20          .byte $e0,$20,$20,$20,$20,$20,$20,$a0,$e0,$e0
00000Er 1  20 20 20 A0  
000012r 1  E0 E0        
000014r 1  E0 E0 E0 60          .byte $e0,$e0,$e0,$60,$e0,$00,$c0,$c0,$c0,$c0
000018r 1  E0 00 C0 C0  
00001Cr 1  C0 C0        
00001Er 1  E0 60 60 60          .byte $e0,$60,$60,$60,$00,$e0,$e0,$20,$20,$e0
000022r 1  00 E0 E0 20  
000026r 1  20 E0        
000028r 1               
000028r 1  92 92 92 92          .byte $92,$92,$92,$92,$92,$92,$92,$9f,$92,$92
00002Cr 1  92 92 92 9F  
000030r 1  92 92        
000032r 1  FF 92 92 92          .byte $ff,$92,$92,$92,$ba,$fe,$fe,$ff,$ff,$ef
000036r 1  BA FE FE FF  
00003Ar 1  FF EF        
00003Cr 1  C7 83 01 00          .byte $c7,$83,$01,$00,$ff,$00,$39,$35,$35,$35
000040r 1  FF 00 39 35  
000044r 1  35 35        
000046r 1  35 B5 B5 B5          .byte $35,$b5,$b5,$b5,$00,$ff,$ff,$00,$00,$ff
00004Ar 1  00 FF FF 00  
00004Er 1  00 FF        
000050r 1               
000050r 1  92 92 92 92          .byte $92,$92,$92,$92,$f2,$92,$92,$ff,$92,$92
000054r 1  F2 92 92 FF  
000058r 1  92 92        
00005Ar 1  FF 92 92 B2          .byte $ff,$92,$92,$b2,$f2,$fa,$fe,$fe,$ff,$df
00005Er 1  F2 FA FE FE  
000062r 1  FF DF        
000064r 1  8F 07 03 01          .byte $8f,$07,$03,$01,$ff,$00,$03,$03,$03,$03
000068r 1  FF 00 03 03  
00006Cr 1  03 03        
00006Er 1  63 9B 07 01          .byte $63,$9b,$07,$01,$00,$ff,$ff,$00,$00,$ff
000072r 1  00 FF FF 00  
000076r 1  00 FF        
000078r 1               
000078r 1  40 C0 40 40          .byte $40,$c0,$40,$40,$f0,$40,$40,$f0,$40,$40
00007Cr 1  F0 40 40 F0  
000080r 1  40 40        
000082r 1  F0 40 40 40          .byte $f0,$40,$40,$40,$40,$40,$50,$f0,$f0,$f0
000086r 1  40 40 50 F0  
00008Ar 1  F0 F0        
00008Cr 1  F0 F0 E0 40          .byte $f0,$f0,$e0,$40,$f0,$00,$b0,$b0,$b0,$b0
000090r 1  F0 00 B0 B0  
000094r 1  B0 B0        
000096r 1  B0 B0 B0 A0          .byte $b0,$b0,$b0,$a0,$00,$f0,$f0,$00,$00,$f0
00009Ar 1  00 F0 F0 00  
00009Er 1  00 F0        
0000A0r 1               
0000A0r 1  49 FF 49 49          .byte $49,$ff,$49,$49,$ff,$49,$49,$ff,$49,$49
0000A4r 1  FF 49 49 FF  
0000A8r 1  49 49        
0000AAr 1  FF 49 49 59          .byte $ff,$49,$49,$59,$79,$7d,$ff,$ff,$ff,$ef
0000AEr 1  79 7D FF FF  
0000B2r 1  FF EF        
0000B4r 1  C7 83 01 00          .byte $c7,$83,$01,$00,$ff,$00,$c0,$c0,$c0,$c0
0000B8r 1  FF 00 C0 C0  
0000BCr 1  C0 C0        
0000BEr 1  C6 D9 E0 80          .byte $c6,$d9,$e0,$80,$00,$ff,$ff,$2d,$2d,$ff
0000C2r 1  00 FF FF 2D  
0000C6r 1  2D FF        
0000C8r 1               
0000C8r 1  64 7F 64 64          .byte $64,$7f,$64,$64,$7f,$64,$64,$7f,$64,$64
0000CCr 1  7F 64 64 7F  
0000D0r 1  64 64        
0000D2r 1  7F 64 64 64          .byte $7f,$64,$64,$64,$74,$7c,$7c,$7e,$7f,$7f
0000D6r 1  74 7C 7C 7E  
0000DAr 1  7F 7F        
0000DCr 1  6F 67 63 61          .byte $6f,$67,$63,$61,$7f,$00,$33,$33,$33,$33
0000E0r 1  7F 00 33 33  
0000E4r 1  33 33        
0000E6r 1  3B 5B 5B 5A          .byte $3b,$5b,$5b,$5a,$00,$7f,$7f,$7b,$7b,$7f
0000EAr 1  00 7F 7F 7B  
0000EEr 1  7B 7F        
0000EFr 1               
