ca65 V2.15
Main file   : bank6/asm/ss_17.s
Current file: bank6/asm/ss_17.s

000000r 1               .include "banksetup.inc"
000000r 2               .define CODE_SEGMENT   "CODE6"
000000r 2               .define RODATA_SEGMENT "RODATA6"
000000r 2               
000000r 1               .export _ss_17
000000r 1               .segment RODATA_SEGMENT
000000r 1               
000000r 1               _ss_17:
000000r 1               
000000r 1  00 E0 00 E0          .byte $00,$e0,$00,$e0,$a0,$e0,$00,$a0,$a0,$a0
000004r 1  A0 E0 00 A0  
000008r 1  A0 A0        
00000Ar 1  00 E0 A0 E0          .byte $00,$e0,$a0,$e0,$00,$a0,$a0,$a0,$00,$e0
00000Er 1  00 A0 A0 A0  
000012r 1  00 E0        
000014r 1  A0 E0 00 A0          .byte $a0,$e0,$00,$a0,$a0,$a0,$00,$e0,$a0,$e0
000018r 1  A0 A0 00 E0  
00001Cr 1  A0 E0        
00001Er 1  00 A0 A0 A0          .byte $00,$a0,$a0,$a0,$00,$e0,$a0,$e0,$00,$00
000022r 1  00 E0 A0 E0  
000026r 1  00 00        
000028r 1               
000028r 1  00 FF 00 77          .byte $00,$ff,$00,$77,$55,$77,$00,$dd,$55,$dd
00002Cr 1  55 77 00 DD  
000030r 1  55 DD        
000032r 1  00 77 55 77          .byte $00,$77,$55,$77,$00,$dd,$55,$dd,$00,$77
000036r 1  00 DD 55 DD  
00003Ar 1  00 77        
00003Cr 1  55 77 00 DD          .byte $55,$77,$00,$dd,$55,$dd,$00,$77,$57,$77
000040r 1  55 DD 00 77  
000044r 1  57 77        
000046r 1  00 DD 5D DD          .byte $00,$dd,$5d,$dd,$00,$77,$55,$77,$00,$00
00004Ar 1  00 77 55 77  
00004Er 1  00 00        
000050r 1               
000050r 1  00 FF 00 EE          .byte $00,$ff,$00,$ee,$aa,$ee,$00,$bb,$aa,$bb
000054r 1  AA EE 00 BB  
000058r 1  AA BB        
00005Ar 1  00 EE AA EE          .byte $00,$ee,$aa,$ee,$00,$bb,$aa,$bb,$00,$ee
00005Er 1  00 BB AA BB  
000062r 1  00 EE        
000064r 1  AA EE 00 BB          .byte $aa,$ee,$00,$bb,$ab,$bb,$00,$ee,$ae,$ee
000068r 1  AB BB 00 EE  
00006Cr 1  AE EE        
00006Er 1  00 BB BA BB          .byte $00,$bb,$ba,$bb,$00,$ee,$aa,$ee,$00,$00
000072r 1  00 EE AA EE  
000076r 1  00 00        
000078r 1               
000078r 1  00 F0 00 E0          .byte $00,$f0,$00,$e0,$a0,$e0,$00,$b0,$a0,$b0
00007Cr 1  A0 E0 00 B0  
000080r 1  A0 B0        
000082r 1  00 E0 A0 E0          .byte $00,$e0,$a0,$e0,$00,$b0,$a0,$b0,$00,$e0
000086r 1  00 B0 A0 B0  
00008Ar 1  00 E0        
00008Cr 1  A0 E0 00 B0          .byte $a0,$e0,$00,$b0,$a0,$b0,$00,$e0,$a0,$e0
000090r 1  A0 B0 00 E0  
000094r 1  A0 E0        
000096r 1  00 B0 A0 B0          .byte $00,$b0,$a0,$b0,$00,$e0,$a0,$e0,$00,$00
00009Ar 1  00 E0 A0 E0  
00009Er 1  00 00        
0000A0r 1               
0000A0r 1  00 FF 00 77          .byte $00,$ff,$00,$77,$55,$77,$00,$dd,$d5,$dd
0000A4r 1  55 77 00 DD  
0000A8r 1  D5 DD        
0000AAr 1  00 77 77 77          .byte $00,$77,$77,$77,$00,$dd,$5d,$dd,$00,$77
0000AEr 1  00 DD 5D DD  
0000B2r 1  00 77        
0000B4r 1  55 77 00 DD          .byte $55,$77,$00,$dd,$55,$dd,$00,$77,$55,$77
0000B8r 1  55 DD 00 77  
0000BCr 1  55 77        
0000BEr 1  00 DD 55 DD          .byte $00,$dd,$55,$dd,$00,$77,$55,$77,$00,$00
0000C2r 1  00 77 55 77  
0000C6r 1  00 00        
0000C8r 1               
0000C8r 1  00 7F 00 6E          .byte $00,$7f,$00,$6e,$2a,$6e,$00,$3b,$2b,$3b
0000CCr 1  2A 6E 00 3B  
0000D0r 1  2B 3B        
0000D2r 1  00 6E 2A 6E          .byte $00,$6e,$2a,$6e,$00,$3b,$2a,$3b,$00,$6e
0000D6r 1  00 3B 2A 3B  
0000DAr 1  00 6E        
0000DCr 1  2A 6E 00 3B          .byte $2a,$6e,$00,$3b,$2a,$3b,$00,$6e,$2a,$6e
0000E0r 1  2A 3B 00 6E  
0000E4r 1  2A 6E        
0000E6r 1  00 3B 2A 3B          .byte $00,$3b,$2a,$3b,$00,$6e,$2a,$6e,$00,$00
0000EAr 1  00 6E 2A 6E  
0000EEr 1  00 00        
0000EFr 1               
