ca65 V2.15
Main file   : bank6/asm/ss_18.s
Current file: bank6/asm/ss_18.s

000000r 1               .include "banksetup.inc"
000000r 2               .define CODE_SEGMENT   "CODE6"
000000r 2               .define RODATA_SEGMENT "RODATA6"
000000r 2               
000000r 1               .export _ss_18
000000r 1               .segment RODATA_SEGMENT
000000r 1               
000000r 1               _ss_18:
000000r 1               
000000r 1  00 20 20 20          .byte $00,$20,$20,$20,$20,$a0,$a0,$a0,$00,$a0
000004r 1  20 A0 A0 A0  
000008r 1  00 A0        
00000Ar 1  A0 A0 A0 A0          .byte $a0,$a0,$a0,$a0,$a0,$a0,$a0,$a0,$a0,$a0
00000Er 1  A0 A0 A0 A0  
000012r 1  A0 A0        
000014r 1  A0 A0 A0 A0          .byte $a0,$a0,$a0,$a0,$a0,$a0,$a0,$a0,$a0,$a0
000018r 1  A0 A0 A0 A0  
00001Cr 1  A0 A0        
00001Er 1  A0 A0 A0 A0          .byte $a0,$a0,$a0,$a0,$a0,$a0,$a0,$a0,$a0,$00
000022r 1  A0 A0 A0 A0  
000026r 1  A0 00        
000028r 1               
000028r 1  00 40 42 41          .byte $00,$40,$42,$41,$df,$41,$42,$40,$00,$b5
00002Cr 1  DF 41 42 40  
000030r 1  00 B5        
000032r 1  B5 B5 B5 B5          .byte $b5,$b5,$b5,$b5,$b5,$b5,$b5,$b5,$b5,$b5
000036r 1  B5 B5 B5 B5  
00003Ar 1  B5 B5        
00003Cr 1  B5 B5 B5 B5          .byte $b5,$b5,$b5,$b5,$b5,$b5,$b5,$b5,$b5,$b5
000040r 1  B5 B5 B5 B5  
000044r 1  B5 B5        
000046r 1  B5 B5 B5 B5          .byte $b5,$b5,$b5,$b5,$b5,$b5,$b5,$b5,$b5,$00
00004Ar 1  B5 B5 B5 B5  
00004Er 1  B5 00        
000050r 1               
000050r 1  00 44 44 44          .byte $00,$44,$44,$44,$65,$44,$44,$34,$00,$ae
000054r 1  65 44 44 34  
000058r 1  00 AE        
00005Ar 1  AE AE AE AE          .byte $ae,$ae,$ae,$ae,$ae,$ae,$ae,$ae,$ae,$ae
00005Er 1  AE AE AE AE  
000062r 1  AE AE        
000064r 1  AE AE AE AE          .byte $ae,$ae,$ae,$ae,$ae,$ae,$ae,$ae,$ae,$ae
000068r 1  AE AE AE AE  
00006Cr 1  AE AE        
00006Er 1  AE AE AE AE          .byte $ae,$ae,$ae,$ae,$ae,$ae,$ae,$ae,$ae,$00
000072r 1  AE AE AE AE  
000076r 1  AE 00        
000078r 1               
000078r 1  00 00 80 80          .byte $00,$00,$80,$80,$b0,$80,$80,$00,$00,$50
00007Cr 1  B0 80 80 00  
000080r 1  00 50        
000082r 1  50 50 50 50          .byte $50,$50,$50,$50,$50,$50,$50,$50,$50,$50
000086r 1  50 50 50 50  
00008Ar 1  50 50        
00008Cr 1  50 50 50 50          .byte $50,$50,$50,$50,$50,$50,$50,$50,$50,$50
000090r 1  50 50 50 50  
000094r 1  50 50        
000096r 1  50 50 50 50          .byte $50,$50,$50,$50,$50,$50,$50,$50,$50,$00
00009Ar 1  50 50 50 50  
00009Er 1  50 00        
0000A0r 1               
0000A0r 1  00 84 44 44          .byte $00,$84,$44,$44,$4d,$54,$54,$94,$00,$bd
0000A4r 1  4D 54 54 94  
0000A8r 1  00 BD        
0000AAr 1  BD BD BD BD          .byte $bd,$bd,$bd,$bd,$bd,$bd,$bd,$bd,$bd,$bd
0000AEr 1  BD BD BD BD  
0000B2r 1  BD BD        
0000B4r 1  BD BD BD BD          .byte $bd,$bd,$bd,$bd,$bd,$bd,$bd,$bd,$bd,$bd
0000B8r 1  BD BD BD BD  
0000BCr 1  BD BD        
0000BEr 1  BD BD BD BD          .byte $bd,$bd,$bd,$bd,$bd,$bd,$bd,$bd,$bd,$00
0000C2r 1  BD BD BD BD  
0000C6r 1  BD 00        
0000C8r 1               
0000C8r 1  00 44 44 44          .byte $00,$44,$44,$44,$65,$44,$44,$34,$00,$5a
0000CCr 1  65 44 44 34  
0000D0r 1  00 5A        
0000D2r 1  5A 5A 5A 5A          .byte $5a,$5a,$5a,$5a,$5a,$5a,$5a,$5a,$5a,$5a
0000D6r 1  5A 5A 5A 5A  
0000DAr 1  5A 5A        
0000DCr 1  5A 5A 5A 5A          .byte $5a,$5a,$5a,$5a,$5a,$5a,$5a,$5a,$5a,$5a
0000E0r 1  5A 5A 5A 5A  
0000E4r 1  5A 5A        
0000E6r 1  5A 5A 5A 5A          .byte $5a,$5a,$5a,$5a,$5a,$5a,$5a,$5a,$5a,$00
0000EAr 1  5A 5A 5A 5A  
0000EEr 1  5A 00        
0000EFr 1               
