ca65 V2.15
Main file   : bank6/asm/ss_19.s
Current file: bank6/asm/ss_19.s

000000r 1               .include "banksetup.inc"
000000r 2               .define CODE_SEGMENT   "CODE6"
000000r 2               .define RODATA_SEGMENT "RODATA6"
000000r 2               
000000r 1               .export _ss_19
000000r 1               .segment RODATA_SEGMENT
000000r 1               
000000r 1               _ss_19:
000000r 1               
000000r 1  00 00 00 80          .byte $00,$00,$00,$80,$c0,$c0,$c0,$c0,$60,$60
000004r 1  C0 C0 C0 C0  
000008r 1  60 60        
00000Ar 1  60 00 00 00          .byte $60,$00,$00,$00,$00,$80,$80,$80,$80,$80
00000Er 1  00 80 80 80  
000012r 1  80 80        
000014r 1  00 00 00 00          .byte $00,$00,$00,$00,$00,$00,$00,$00,$e0,$00
000018r 1  00 00 00 00  
00001Cr 1  E0 00        
00001Er 1  20 20 A0 A0          .byte $20,$20,$a0,$a0,$a0,$a0,$20,$00,$e0,$00
000022r 1  A0 A0 20 00  
000026r 1  E0 00        
000028r 1               
000028r 1  00 00 80 8C          .byte $00,$00,$80,$8c,$cc,$cc,$66,$76,$77,$34
00002Cr 1  CC CC 66 76  
000030r 1  77 34        
000032r 1  15 01 00 00          .byte $15,$01,$00,$00,$c0,$c6,$ce,$de,$f8,$f1
000036r 1  C0 C6 CE DE  
00003Ar 1  F8 F1        
00003Cr 1  F8 C8 C8 D8          .byte $f8,$c8,$c8,$d8,$f0,$00,$00,$00,$ff,$00
000040r 1  F0 00 00 00  
000044r 1  FF 00        
000046r 1  FF 00 0C 11          .byte $ff,$00,$0c,$11,$1d,$15,$c9,$00,$ff,$00
00004Ar 1  1D 15 C9 00  
00004Er 1  FF 00        
000050r 1               
000050r 1  00 00 00 1E          .byte $00,$00,$00,$1e,$3f,$70,$78,$3c,$0c,$1c
000054r 1  3F 70 78 3C  
000058r 1  0C 1C        
00005Ar 1  78 F1 01 00          .byte $78,$f1,$01,$00,$00,$60,$60,$60,$71,$7f
00005Er 1  00 60 60 60  
000062r 1  71 7F        
000064r 1  3F 32 1E 1C          .byte $3f,$32,$1e,$1c,$9c,$8c,$00,$00,$ff,$00
000068r 1  9C 8C 00 00  
00006Cr 1  FF 00        
00006Er 1  FF 00 69 8A          .byte $ff,$00,$69,$8a,$ea,$2a,$ca,$00,$ff,$00
000072r 1  EA 2A CA 00  
000076r 1  FF 00        
000078r 1               
000078r 1  00 00 C0 C0          .byte $00,$00,$c0,$c0,$e0,$e0,$60,$70,$10,$40
00007Cr 1  E0 E0 60 70  
000080r 1  10 40        
000082r 1  60 20 00 00          .byte $60,$20,$00,$00,$00,$80,$c0,$c0,$c0,$e0
000086r 1  00 80 C0 C0  
00008Ar 1  C0 E0        
00008Cr 1  60 70 30 30          .byte $60,$70,$30,$30,$10,$10,$00,$00,$f0,$00
000090r 1  10 10 00 00  
000094r 1  F0 00        
000096r 1  F0 00 20 A0          .byte $f0,$00,$20,$a0,$a0,$a0,$a0,$00,$f0,$00
00009Ar 1  A0 A0 A0 00  
00009Er 1  F0 00        
0000A0r 1               
0000A0r 1  00 01 00 1C          .byte $00,$01,$00,$1c,$36,$66,$66,$66,$66,$66
0000A4r 1  36 66 66 66  
0000A8r 1  66 66        
0000AAr 1  3C 18 00 00          .byte $3c,$18,$00,$00,$01,$07,$0f,$9e,$98,$8d
0000AEr 1  01 07 0F 9E  
0000B2r 1  98 8D        
0000B4r 1  C7 C7 E7 63          .byte $c7,$c7,$e7,$63,$73,$32,$00,$00,$ff,$00
0000B8r 1  73 32 00 00  
0000BCr 1  FF 00        
0000BEr 1  FF 00 D4 54          .byte $ff,$00,$d4,$54,$54,$54,$98,$00,$ff,$00
0000C2r 1  54 54 98 00  
0000C6r 1  FF 00        
0000C8r 1               
0000C8r 1  00 01 23 73          .byte $00,$01,$23,$73,$73,$3b,$3b,$6f,$67,$66
0000CCr 1  73 3B 3B 6F  
0000D0r 1  67 66        
0000D2r 1  62 30 10 00          .byte $62,$30,$10,$00,$03,$03,$01,$00,$00,$03
0000D6r 1  03 03 01 00  
0000DAr 1  00 03        
0000DCr 1  01 18 1E 0F          .byte $01,$18,$1e,$0f,$07,$00,$00,$00,$7f,$00
0000E0r 1  07 00 00 00  
0000E4r 1  7F 00        
0000E6r 1  4F 40 51 51          .byte $4f,$40,$51,$51,$59,$51,$5d,$00,$7f,$00
0000EAr 1  59 51 5D 00  
0000EEr 1  7F 00        
0000EFr 1               
