ca65 V2.15
Main file   : bank6/asm/ss_16.s
Current file: bank6/asm/ss_16.s

000000r 1               .include "banksetup.inc"
000000r 2               .define CODE_SEGMENT   "CODE6"
000000r 2               .define RODATA_SEGMENT "RODATA6"
000000r 2               
000000r 1               .export _ss_16
000000r 1               .segment RODATA_SEGMENT
000000r 1               
000000r 1               _ss_16:
000000r 1               
000000r 1  D0 D0 B0 F0          .byte $d0,$d0,$b0,$f0,$f0,$f0,$f0,$f0,$00,$00
000004r 1  F0 F0 F0 F0  
000008r 1  00 00        
00000Ar 1  00 40 40 80          .byte $00,$40,$40,$80,$a0,$c0,$80,$a0,$c0,$80
00000Er 1  A0 C0 80 A0  
000012r 1  C0 80        
000014r 1  E0 80 40 60          .byte $e0,$80,$40,$60,$40,$60,$40,$a0,$a0,$80
000018r 1  40 60 40 A0  
00001Cr 1  A0 80        
00001Er 1  40 40 20 A0          .byte $40,$40,$20,$a0,$80,$40,$20,$20,$00,$00
000022r 1  80 40 20 20  
000026r 1  00 00        
000028r 1               
000028r 1  FB FB F1 CE          .byte $fb,$fb,$f1,$ce,$b1,$41,$43,$46,$4c,$48
00002Cr 1  B1 41 43 46  
000030r 1  4C 48        
000032r 1  48 49 41 41          .byte $48,$49,$41,$41,$c1,$e1,$90,$08,$00,$20
000036r 1  C1 E1 90 08  
00003Ar 1  00 20        
00003Cr 1  A0 27 68 C9          .byte $a0,$27,$68,$c9,$e8,$44,$02,$41,$c8,$50
000040r 1  E8 44 02 41  
000044r 1  C8 50        
000046r 1  62 F4 8E 17          .byte $62,$f4,$8e,$17,$24,$24,$2a,$4a,$0a,$08
00004Ar 1  24 24 2A 4A  
00004Er 1  0A 08        
000050r 1               
000050r 1  BF BF DF FF          .byte $bf,$bf,$df,$ff,$f0,$0f,$f0,$00,$40,$be
000054r 1  F0 0F F0 00  
000058r 1  40 BE        
00005Ar 1  93 93 D6 34          .byte $93,$93,$d6,$34,$0c,$c4,$23,$10,$10,$08
00005Er 1  0C C4 23 10  
000062r 1  10 08        
000064r 1  00 01 82 04          .byte $00,$01,$82,$04,$c4,$22,$a1,$20,$40,$80
000068r 1  C4 22 A1 20  
00006Cr 1  40 80        
00006Er 1  44 DA 7A 6F          .byte $44,$da,$7a,$6f,$8a,$12,$22,$44,$84,$00
000072r 1  8A 12 22 44  
000076r 1  84 00        
000078r 1               
000078r 1  F0 F0 F0 F0          .byte $f0,$f0,$f0,$f0,$70,$00,$10,$10,$20,$70
00007Cr 1  70 00 10 10  
000080r 1  20 70        
000082r 1  40 40 70 80          .byte $40,$40,$70,$80,$70,$80,$00,$00,$00,$80
000086r 1  70 80 00 00  
00008Ar 1  00 80        
00008Cr 1  40 30 00 00          .byte $40,$30,$00,$00,$10,$20,$40,$40,$20,$10
000090r 1  10 20 40 40  
000094r 1  20 10        
000096r 1  70 90 10 60          .byte $70,$90,$10,$60,$80,$10,$20,$40,$90,$00
00009Ar 1  80 10 20 40  
00009Er 1  90 00        
0000A0r 1               
0000A0r 1  80 83 84 08          .byte $80,$83,$84,$08,$10,$10,$17,$67,$87,$47
0000A4r 1  10 10 17 67  
0000A8r 1  87 47        
0000AAr 1  27 10 17 10          .byte $27,$10,$17,$10,$17,$17,$97,$90,$97,$17
0000AEr 1  17 17 97 90  
0000B2r 1  97 17        
0000B4r 1  17 17 17 10          .byte $17,$17,$17,$10,$17,$17,$17,$17,$17,$10
0000B8r 1  17 17 17 17  
0000BCr 1  17 10        
0000BEr 1  17 D7 17 17          .byte $17,$d7,$17,$17,$17,$d0,$08,$04,$03,$00
0000C2r 1  17 D0 08 04  
0000C6r 1  03 00        
0000C8r 1               
0000C8r 1  00 0F 10 20          .byte $00,$0f,$10,$20,$40,$40,$51,$51,$5f,$51
0000CCr 1  40 40 51 51  
0000D0r 1  5F 51        
0000D2r 1  51 40 5F 50          .byte $51,$40,$5f,$50,$5f,$41,$5f,$40,$5f,$51
0000D6r 1  5F 41 5F 40  
0000DAr 1  5F 51        
0000DCr 1  51 51 51 40          .byte $51,$51,$51,$40,$5f,$41,$41,$41,$41,$40
0000E0r 1  5F 41 41 41  
0000E4r 1  41 40        
0000E6r 1  41 41 5F 41          .byte $41,$41,$5f,$41,$5f,$40,$20,$10,$0f,$00
0000EAr 1  5F 40 20 10  
0000EEr 1  0F 00        
0000EFr 1               
