ca65 V2.15
Main file   : bank6/asm/ss_20.s
Current file: bank6/asm/ss_20.s

000000r 1               .include "banksetup.inc"
000000r 2               .define CODE_SEGMENT   "CODE6"
000000r 2               .define RODATA_SEGMENT "RODATA6"
000000r 2               
000000r 1               .export _ss_20
000000r 1               .segment RODATA_SEGMENT
000000r 1               
000000r 1               _ss_20:
000000r 1               
000000r 1  00 A0 00 A0          .byte $00,$a0,$00,$a0,$00,$a0,$00,$a0,$00,$a0
000004r 1  00 A0 00 A0  
000008r 1  00 A0        
00000Ar 1  00 A0 00 A0          .byte $00,$a0,$00,$a0,$40,$60,$40,$60,$40,$60
00000Er 1  40 60 40 60  
000012r 1  40 60        
000014r 1  40 A0 00 A0          .byte $40,$a0,$00,$a0,$00,$a0,$00,$a0,$00,$a0
000018r 1  00 A0 00 A0  
00001Cr 1  00 A0        
00001Er 1  00 A0 00 A0          .byte $00,$a0,$00,$a0,$00,$a0,$00,$a0,$00,$a0
000022r 1  00 A0 00 A0  
000026r 1  00 A0        
000028r 1               
000028r 1  00 55 00 55          .byte $00,$55,$00,$55,$00,$55,$3f,$40,$4c,$55
00002Cr 1  00 55 3F 40  
000030r 1  4C 55        
000032r 1  55 51 4D 80          .byte $55,$51,$4d,$80,$00,$64,$aa,$aa,$8a,$64
000036r 1  00 64 AA AA  
00003Ar 1  8A 64        
00003Cr 1  00 00 A1 A2          .byte $00,$00,$a1,$a2,$b2,$a2,$9a,$80,$70,$59
000040r 1  B2 A2 9A 80  
000044r 1  70 59        
000046r 1  0A 5B 0A 59          .byte $0a,$5b,$0a,$59,$08,$57,$00,$55,$00,$55
00004Ar 1  08 57 00 55  
00004Er 1  00 55        
000050r 1               
000050r 1  00 AA 00 AA          .byte $00,$aa,$00,$aa,$00,$aa,$ff,$00,$55,$54
000054r 1  00 AA FF 00  
000058r 1  55 54        
00005Ar 1  DC 54 88 00          .byte $dc,$54,$88,$00,$00,$19,$8a,$db,$92,$09
00005Er 1  00 19 8A DB  
000062r 1  92 09        
000064r 1  00 00 A4 52          .byte $00,$00,$a4,$52,$16,$12,$14,$00,$00,$ca
000068r 1  16 12 14 00  
00006Cr 1  00 CA        
00006Er 1  AA A4 AA 6A          .byte $aa,$a4,$aa,$6a,$00,$ff,$00,$aa,$00,$aa
000072r 1  00 FF 00 AA  
000076r 1  00 AA        
000078r 1               
000078r 1  00 A0 00 A0          .byte $00,$a0,$00,$a0,$00,$a0,$f0,$00,$c0,$a0
00007Cr 1  00 A0 F0 00  
000080r 1  C0 A0        
000082r 1  A0 A0 60 00          .byte $a0,$a0,$60,$00,$00,$40,$40,$d0,$40,$c0
000086r 1  00 40 40 D0  
00008Ar 1  40 C0        
00008Cr 1  00 00 80 50          .byte $00,$00,$80,$50,$50,$50,$50,$00,$00,$40
000090r 1  50 50 50 00  
000094r 1  00 40        
000096r 1  20 20 20 40          .byte $20,$20,$20,$40,$00,$f0,$00,$a0,$00,$a0
00009Ar 1  00 F0 00 A0  
00009Er 1  00 A0        
0000A0r 1               
0000A0r 1  00 55 00 55          .byte $00,$55,$00,$55,$00,$55,$ff,$00,$25,$55
0000A4r 1  00 55 FF 00  
0000A8r 1  25 55        
0000AAr 1  56 55 55 00          .byte $56,$55,$55,$00,$00,$12,$2a,$2b,$aa,$12
0000AEr 1  00 12 2A 2B  
0000B2r 1  AA 12        
0000B4r 1  00 00 45 AA          .byte $00,$00,$45,$aa,$28,$28,$28,$00,$00,$49
0000B8r 1  28 28 28 00  
0000BCr 1  00 49        
0000BEr 1  89 C9 89 5D          .byte $89,$c9,$89,$5d,$01,$fe,$00,$55,$00,$55
0000C2r 1  01 FE 00 55  
0000C6r 1  00 55        
0000C8r 1               
0000C8r 1  00 AA 00 AA          .byte $00,$aa,$00,$aa,$00,$aa,$01,$aa,$02,$aa
0000CCr 1  00 AA 01 AA  
0000D0r 1  02 AA        
0000D2r 1  02 AA 02 BC          .byte $02,$aa,$02,$bc,$20,$a9,$25,$ac,$25,$a9
0000D6r 1  20 A9 25 AC  
0000DAr 1  25 A9        
0000DCr 1  20 B8 04 AD          .byte $20,$b8,$04,$ad,$05,$ad,$05,$ac,$03,$aa
0000E0r 1  05 AD 05 AC  
0000E4r 1  03 AA        
0000E6r 1  00 AA 00 AA          .byte $00,$aa,$00,$aa,$00,$aa,$00,$aa,$00,$aa
0000EAr 1  00 AA 00 AA  
0000EEr 1  00 AA        
0000EFr 1               
